
=== Tue Aug  9 10:40:41 2022

Packages were changed.
Update Mode: updateDependencies

The following packages were updated:
  com.unity.2d.animation from version 5.0.10 to 5.2.0
  com.unity.2d.psdimporter from version 4.1.3 to 4.3.0
  com.unity.2d.spriteshape from version 5.1.7 to 5.3.0
  com.unity.collab-proxy from version 1.15.18 to 1.17.0

=== Wed Aug 24 14:04:35 2022

Packages were changed.
Update Mode: resetToDefaultDependencies

The following packages were updated:
  com.unity.collab-proxy from version 1.17.0 to 1.15.4
  com.unity.ide.visualstudio from version 2.0.16 to 2.0.12
  com.unity.ide.vscode from version 1.2.5 to 1.2.4
  com.unity.test-framework from version 1.1.33 to 1.1.29
The following packages were removed:
  com.unity.2d.animation@5.2.0
  com.unity.2d.pixel-perfect@4.0.1
  com.unity.2d.psdimporter@4.3.0
  com.unity.2d.sprite@1.0.0
  com.unity.2d.spriteshape@5.3.0
  com.unity.2d.tilemap@1.0.0
